\BOOKMARK [0][]{chapter*.1}{\376\377\006\047\006\104\006\105\006\102\006\057\006\105\006\051\000\040\006\047\006\104\006\071\006\047\006\105\006\051}{}% 1
\BOOKMARK [1][]{section*.2}{\376\377\006\045\006\064\006\103\006\047\006\104\006\112\006\051\000\040\006\047\006\104\006\057\006\061\006\047\006\063\006\051}{chapter*.1}% 2
\BOOKMARK [1][]{Item.5}{\376\377\006\101\006\061\006\066\006\112\006\047\006\052\000\040\006\047\006\104\006\057\006\061\006\047\006\063\006\051}{chapter*.1}% 3
\BOOKMARK [1][]{Item.5}{\376\377\006\043\006\107\006\105\006\112\006\051\000\040\006\047\006\104\006\057\006\061\006\047\006\063\006\051}{chapter*.1}% 4
\BOOKMARK [1][]{Item.8}{\376\377\006\043\006\107\006\057\006\047\006\101\000\040\006\047\006\104\006\057\006\061\006\047\006\063\006\051}{chapter*.1}% 5
\BOOKMARK [1][]{Item.13}{\376\377\006\105\006\106\006\107\006\054\000\040\006\047\006\104\006\057\006\061\006\047\006\063\006\051}{chapter*.1}% 6
\BOOKMARK [1][]{Item.16}{\376\377\006\055\006\057\006\110\006\057\000\040\006\047\006\104\006\057\006\061\006\047\006\063\006\051}{chapter*.1}% 7
\BOOKMARK [1][]{Item.16}{\376\377\006\065\006\071\006\110\006\050\006\047\006\052\000\040\006\047\006\104\006\057\006\061\006\047\006\063\006\051}{chapter*.1}% 8
\BOOKMARK [1][]{Item.20}{\376\377\006\107\006\112\006\103\006\104\000\040\006\047\006\104\006\057\006\061\006\047\006\063\006\051}{chapter*.1}% 9
\BOOKMARK [0][]{chapter.1}{\376\377\006\047\006\104\006\045\006\067\006\047\006\061\000\040\006\047\006\104\006\106\006\070\006\061\006\112\000\040\006\104\006\110\006\103\006\047\006\104\006\047\006\052\000\040\006\047\006\104\006\063\006\101\006\061\000\040\006\110\006\047\006\104\006\105\006\106\006\065\006\047\006\052\000\040\006\047\006\104\006\045\006\104\006\103\006\052\006\061\006\110\006\106\006\112\006\051}{}% 10
\BOOKMARK [1][]{section.1.1}{\376\377\006\047\006\104\006\105\006\050\006\055\006\053\000\040\006\047\006\104\006\043\006\110\006\104\000:\000\040\006\052\006\071\006\061\006\112\006\101\000\040\006\110\006\103\006\047\006\104\006\047\006\052\000\040\006\047\006\104\006\043\006\063\006\101\006\047\006\061\006\014\000\040\006\106\006\064\006\043\006\052\006\107\006\047\006\014\000\040\006\110\006\043\006\106\006\110\006\047\006\071\006\107\006\047}{chapter.1}% 11
\BOOKMARK [2][]{subsection.1.1.1}{\376\377\006\052\006\071\006\061\006\112\006\101\000\040\006\110\006\103\006\047\006\104\006\047\006\052\000\040\006\047\006\104\006\043\006\063\006\101\006\047\006\061}{section.1.1}% 12
\BOOKMARK [2][]{subsection.1.1.2}{\376\377\006\106\006\064\006\043\006\051\000\040\006\110\006\052\006\067\006\110\006\061\000\040\006\110\006\103\006\047\006\104\006\047\006\052\000\040\006\047\006\104\006\043\006\063\006\101\006\047\006\061}{section.1.1}% 13
\BOOKMARK [2][]{subsection.1.1.3}{\376\377\006\043\006\106\006\110\006\047\006\071\000\040\006\110\006\103\006\047\006\104\006\047\006\052\000\040\006\047\006\104\006\043\006\063\006\101\006\047\006\061}{section.1.1}% 14
\BOOKMARK [1][]{section.1.2}{\376\377\006\047\006\104\006\105\006\050\006\055\006\053\000\040\006\047\006\104\006\053\006\047\006\106\006\112\000:\000\040\006\047\006\104\006\056\006\057\006\105\006\047\006\052\000\040\006\047\006\104\006\052\006\112\000\040\006\052\006\102\006\057\006\105\006\107\006\047\000\040\006\110\006\103\006\047\006\104\006\047\006\052\000\040\006\047\006\104\006\043\006\063\006\101\006\047\006\061}{chapter.1}% 15
\BOOKMARK [2][]{subsection.1.2.1}{\376\377\006\056\006\057\006\105\006\047\006\052\000\040\006\047\006\104\006\106\006\102\006\104\000\040\006\110\006\047\006\104\006\055\006\054\006\062}{section.1.2}% 16
\BOOKMARK [2][]{subsection.1.2.2}{\376\377\006\056\006\057\006\105\006\047\006\052\000\040\006\047\006\104\006\045\006\102\006\047\006\105\006\051}{section.1.2}% 17
\BOOKMARK [2][]{subsection.1.2.3}{\376\377\006\052\006\106\006\070\006\112\006\105\000\040\006\047\006\104\006\061\006\055\006\104\006\047\006\052\000\040\006\110\006\047\006\104\006\050\006\061\006\047\006\105\006\054\000\040\006\047\006\104\006\063\006\112\006\047\006\055\006\112\006\051}{section.1.2}% 18
\BOOKMARK [2][]{subsection.1.2.4}{\376\377\006\047\006\104\006\056\006\057\006\105\006\047\006\052\000\040\006\047\006\104\006\045\006\057\006\047\006\061\006\112\006\051\000\040\006\110\006\047\006\104\006\047\006\063\006\052\006\064\006\047\006\061\006\112\006\051}{section.1.2}% 19
\BOOKMARK [2][]{subsection.1.2.5}{\376\377\006\056\006\057\006\105\006\047\006\052\000\040\006\063\006\112\006\047\006\055\006\051\000\040\006\047\006\104\006\043\006\071\006\105\006\047\006\104}{section.1.2}% 20
\BOOKMARK [2][]{subsection.1.2.6}{\376\377\006\056\006\057\006\105\006\047\006\052\000\040\006\047\006\104\006\055\006\054\000\040\006\110\006\047\006\104\006\071\006\105\006\061\006\051}{section.1.2}% 21
\BOOKMARK [1][]{section.1.3}{\376\377\006\047\006\104\006\105\006\050\006\055\006\053\000\040\006\047\006\104\006\053\006\047\006\104\006\053\000:\000\040\006\047\006\104\006\105\006\106\006\065\006\047\006\052\000\040\006\047\006\104\006\045\006\104\006\103\006\052\006\061\006\110\006\106\006\112\006\051\000\040\006\110\006\105\006\062\006\047\006\112\006\047\006\107\006\047}{chapter.1}% 22
\BOOKMARK [2][]{subsection.1.3.1}{\376\377\006\052\006\071\006\061\006\112\006\101\000\040\006\047\006\104\006\105\006\106\006\065\006\047\006\052\000\040\006\047\006\104\006\045\006\104\006\103\006\052\006\061\006\110\006\106\006\112\006\051\000\040\006\104\006\104\006\063\006\101\006\061}{section.1.3}% 23
\BOOKMARK [2][]{subsection.1.3.2}{\376\377\006\105\006\062\006\047\006\112\006\047\000\040\006\047\006\104\006\105\006\106\006\065\006\047\006\052\000\040\006\047\006\104\006\045\006\104\006\103\006\052\006\061\006\110\006\106\006\112\006\051}{section.1.3}% 24
\BOOKMARK [2][]{subsection.1.3.3}{\376\377\006\106\006\105\006\047\006\060\006\054\000\040\006\047\006\104\006\043\006\071\006\105\006\047\006\104\000\040\006\104\006\104\006\105\006\106\006\065\006\047\006\052\000\040\006\047\006\104\006\045\006\104\006\103\006\052\006\061\006\110\006\106\006\112\006\051}{section.1.3}% 25
\BOOKMARK [2][]{subsection.1.3.4}{\376\377\006\047\006\104\006\047\006\052\006\054\006\047\006\107\006\047\006\052\000\040\006\047\006\104\006\055\006\057\006\112\006\053\006\051\000\040\006\101\006\112\000\040\006\047\006\104\006\105\006\106\006\065\006\047\006\052\000\040\006\047\006\104\006\045\006\104\006\103\006\052\006\061\006\110\006\106\006\112\006\051}{section.1.3}% 26
\BOOKMARK [2][]{subsection.1.3.5}{\376\377\006\047\006\104\006\050\006\106\006\112\006\051\000\040\006\047\006\104\006\052\006\055\006\052\006\112\006\051\000\040\006\047\006\104\006\052\006\103\006\106\006\110\006\104\006\110\006\054\006\112\006\051\000\040\006\104\006\104\006\105\006\106\006\065\006\047\006\052\000\040\006\047\006\104\006\045\006\104\006\103\006\052\006\061\006\110\006\106\006\112\006\051}{section.1.3}% 27
\BOOKMARK [2][]{subsection.1.3.6}{\376\377\006\110\006\066\006\071\000\040\006\110\006\103\006\047\006\104\006\047\006\052\000\040\006\047\006\104\006\043\006\063\006\101\006\047\006\061\000\040\006\101\006\112\000\040\006\047\006\104\006\071\006\047\006\104\006\105\000\040\006\047\006\104\006\071\006\061\006\050\006\112}{section.1.3}% 28
\BOOKMARK [2][]{subsection.1.3.7}{\376\377\006\047\006\104\006\057\006\061\006\047\006\063\006\047\006\052\000\040\006\047\006\104\006\063\006\047\006\050\006\102\006\051\000\040\006\047\006\104\006\105\006\052\006\071\006\104\006\102\006\051\000\040\006\050\006\047\006\104\006\105\006\110\006\066\006\110\006\071}{section.1.3}% 29
\BOOKMARK [0][]{chapter.2}{\376\377\006\047\006\104\006\105\006\106\006\047\006\101\006\063\006\051\000\040\006\050\006\112\006\106\000\040\006\110\006\103\006\047\006\104\006\047\006\052\000\040\006\047\006\104\006\043\006\063\006\101\006\047\006\061\000\040\006\110\006\047\006\104\006\105\006\106\006\065\006\047\006\052\000\040\006\047\006\104\006\045\006\104\006\103\006\052\006\061\006\110\006\106\006\112\006\051}{}% 30
\BOOKMARK [1][]{section.2.1}{\376\377\006\047\006\104\006\105\006\050\006\055\006\053\000\040\006\047\006\104\006\043\006\110\006\104\000:\000\040\006\067\006\050\006\112\006\071\006\051\000\040\006\047\006\104\006\105\006\106\006\047\006\101\006\063\006\051}{chapter.2}% 31
\BOOKMARK [2][]{subsection.2.1.1}{\376\377\006\047\006\104\006\045\006\067\006\047\006\061\000\040\006\047\006\104\006\106\006\070\006\061\006\112\000\040\006\104\006\104\006\105\006\106\006\047\006\101\006\063\006\051\000\040\006\101\006\112\000\040\006\102\006\067\006\047\006\071\000\040\006\047\006\104\006\063\006\112\006\047\006\055\006\051}{section.2.1}% 32
\BOOKMARK [2][]{subsection.2.1.2}{\376\377\006\043\006\050\006\071\006\047\006\057\000\040\006\047\006\104\006\105\006\106\006\047\006\101\006\063\006\051\000\040\006\050\006\112\006\106\000\040\006\110\006\103\006\047\006\104\006\047\006\052\000\040\006\047\006\104\006\043\006\063\006\101\006\047\006\061\000\040\006\110\006\047\006\104\006\105\006\106\006\065\006\047\006\052\000\040\006\047\006\104\006\045\006\104\006\103\006\052\006\061\006\110\006\106\006\112\006\051}{section.2.1}% 33
\BOOKMARK [2][]{subsection.2.1.3}{\376\377\006\106\006\102\006\047\006\067\000\040\006\102\006\110\006\051\000\040\006\110\006\103\006\047\006\104\006\047\006\052\000\040\006\047\006\104\006\043\006\063\006\101\006\047\006\061\000\040\006\101\006\112\000\040\006\047\006\104\006\105\006\106\006\047\006\101\006\063\006\051}{section.2.1}% 34
\BOOKMARK [1][]{section.2.2}{\376\377\006\047\006\104\006\105\006\050\006\055\006\053\000\040\006\047\006\104\006\053\006\047\006\106\006\112\000:\000\040\006\052\006\043\006\053\006\112\006\061\000\040\006\047\006\104\006\105\006\106\006\065\006\047\006\052\000\040\006\047\006\104\006\045\006\104\006\103\006\052\006\061\006\110\006\106\006\112\006\051\000\040\006\071\006\104\006\111\000\040\006\110\006\103\006\047\006\104\006\047\006\052\000\040\006\047\006\104\006\043\006\063\006\101\006\047\006\061}{chapter.2}% 35
\BOOKMARK [2][]{subsection.2.2.1}{\376\377\006\047\006\104\006\052\006\043\006\053\006\112\006\061\000\040\006\071\006\104\006\111\000\040\006\047\006\104\006\055\006\065\006\051\000\040\006\047\006\104\006\063\006\110\006\102\006\112\006\051}{section.2.2}% 36
\BOOKMARK [2][]{subsection.2.2.2}{\376\377\006\047\006\104\006\052\006\043\006\053\006\112\006\061\000\040\006\071\006\104\006\111\000\040\006\106\006\105\006\110\006\060\006\054\000\040\006\047\006\104\006\043\006\071\006\105\006\047\006\104}{section.2.2}% 37
\BOOKMARK [2][]{subsection.2.2.3}{\376\377\006\047\006\104\006\052\006\043\006\053\006\112\006\061\000\040\006\071\006\104\006\111\000\040\006\063\006\104\006\110\006\103\000\040\006\047\006\104\006\105\006\063\006\052\006\107\006\104\006\103}{section.2.2}% 38
\BOOKMARK [2][]{subsection.2.2.4}{\376\377\006\047\006\104\006\052\006\043\006\053\006\112\006\061\000\040\006\071\006\104\006\111\000\040\006\063\006\110\006\102\000\040\006\047\006\104\006\071\006\105\006\104\000\040\006\101\006\112\000\040\006\102\006\067\006\047\006\071\000\040\006\047\006\104\006\063\006\101\006\061}{section.2.2}% 39
\BOOKMARK [2][]{subsection.2.2.5}{\376\377\006\052\006\043\006\053\006\112\006\061\000\040\006\054\006\047\006\046\006\055\006\051\000\040\006\103\006\110\006\101\006\112\006\057\000-\0001\0009}{section.2.2}% 40
\BOOKMARK [2][]{subsection.2.2.6}{\376\377\006\047\006\104\006\052\006\043\006\053\006\112\006\061\000\040\006\071\006\104\006\111\000\040\006\063\006\104\006\063\006\104\006\051\000\040\006\047\006\104\006\102\006\112\006\105\006\051\000\040\006\101\006\112\000\040\006\065\006\106\006\047\006\071\006\051\000\040\006\047\006\104\006\063\006\101\006\061}{section.2.2}% 41
\BOOKMARK [2][]{subsection.2.2.7}{\376\377\006\052\006\055\006\104\006\112\006\104\000\040\006\105\006\071\006\105\006\121\006\102\000\040\006\104\006\063\006\104\006\110\006\103\000\040\006\047\006\104\006\105\006\063\006\052\006\107\006\104\006\103\000\040\006\047\006\104\006\063\006\112\006\047\006\055\006\112\000\040\006\101\006\112\000\040\006\047\006\104\006\071\006\065\006\061\000\040\006\047\006\104\006\061\006\102\006\105\006\112}{section.2.2}% 42
\BOOKMARK [2][]{subsection.2.2.8}{\376\377\006\047\006\104\006\063\006\112\006\106\006\047\006\061\006\112\006\110\006\107\006\047\006\052\000\040\006\047\006\104\006\105\006\063\006\052\006\102\006\050\006\104\006\112\006\051\000\040\006\104\006\104\006\071\006\104\006\047\006\102\006\051\000\040\006\050\006\112\006\106\000\040\006\047\006\104\006\110\006\103\006\047\006\104\006\047\006\052\000\040\006\110\006\047\006\104\006\105\006\106\006\065\006\047\006\052}{section.2.2}% 43
\BOOKMARK [0][]{chapter.3}{\376\377\006\047\006\104\006\052\006\055\006\057\006\112\006\047\006\052\000\040\006\110\006\047\006\104\006\055\006\104\006\110\006\104\000\040\006\047\006\104\006\105\006\102\006\052\006\061\006\055\006\051\000\040\006\104\006\110\006\103\006\047\006\104\006\047\006\052\000\040\006\047\006\104\006\063\006\101\006\061}{}% 44
\BOOKMARK [1][]{section.3.1}{\376\377\006\047\006\104\006\105\006\050\006\055\006\053\000\040\006\047\006\104\006\043\006\110\006\104\000:\000\040\006\047\006\104\006\052\006\055\006\057\006\112\006\047\006\052\000\040\006\047\006\104\006\052\006\112\000\040\006\052\006\110\006\047\006\054\006\107\000\040\006\110\006\103\006\047\006\104\006\047\006\052\000\040\006\047\006\104\006\063\006\101\006\061}{chapter.3}% 45
\BOOKMARK [2][]{subsection.3.1.1}{\376\377\006\047\006\104\006\052\006\055\006\057\006\112\006\047\006\052\000\040\006\047\006\104\006\052\006\103\006\106\006\110\006\104\006\110\006\054\006\112\006\051}{section.3.1}% 46
\BOOKMARK [2][]{subsection.3.1.2}{\376\377\006\047\006\104\006\052\006\055\006\057\006\112\006\047\006\052\000\040\006\047\006\104\006\047\006\102\006\052\006\065\006\047\006\057\006\112\006\051\000\040\006\110\006\047\006\104\006\105\006\047\006\104\006\112\006\051}{section.3.1}% 47
\BOOKMARK [2][]{subsection.3.1.3}{\376\377\006\047\006\104\006\052\006\055\006\057\006\112\006\047\006\052\000\040\006\047\006\104\006\105\006\061\006\052\006\050\006\067\006\051\000\040\006\050\006\063\006\104\006\110\006\103\000\040\006\047\006\104\006\105\006\063\006\052\006\107\006\104\006\103}{section.3.1}% 48
\BOOKMARK [2][]{subsection.3.1.4}{\376\377\006\047\006\104\006\052\006\055\006\057\006\112\006\047\006\052\000\040\006\047\006\104\006\052\006\106\006\070\006\112\006\105\006\112\006\051\000\040\006\110\006\047\006\104\006\050\006\112\006\046\006\112\006\051}{section.3.1}% 49
\BOOKMARK [2][]{subsection.3.1.5}{\376\377\006\105\006\104\006\056\006\065\000\040\006\047\006\104\006\052\006\055\006\057\006\112\006\047\006\052}{section.3.1}% 50
\BOOKMARK [1][]{section.3.2}{\376\377\006\047\006\104\006\105\006\050\006\055\006\053\000\040\006\047\006\104\006\053\006\047\006\106\006\112\000:\000\040\006\055\006\104\006\110\006\104\000\040\006\110\006\047\006\063\006\052\006\061\006\047\006\052\006\112\006\054\006\112\006\047\006\052\000\040\006\047\006\104\006\052\006\067\006\110\006\112\006\061}{chapter.3}% 51
\BOOKMARK [2][]{subsection.3.2.1}{\376\377\006\047\006\063\006\052\006\061\006\047\006\052\006\112\006\054\006\112\006\051\000\040\006\047\006\104\006\052\006\055\006\110\006\104\000\040\006\047\006\104\006\061\006\102\006\105\006\112}{section.3.2}% 52
\BOOKMARK [2][]{subsection.3.2.2}{\376\377\006\047\006\063\006\052\006\061\006\047\006\052\006\112\006\054\006\112\006\051\000\040\006\047\006\104\006\052\006\105\006\047\006\112\006\062\000\040\006\110\006\047\006\104\006\052\006\056\006\065\006\065}{section.3.2}% 53
\BOOKMARK [2][]{subsection.3.2.3}{\376\377\006\047\006\063\006\052\006\061\006\047\006\052\006\112\006\054\006\112\006\051\000\040\006\047\006\104\006\052\006\063\006\110\006\112\006\102\000\040\006\047\006\104\006\061\006\102\006\105\006\112}{section.3.2}% 54
\BOOKMARK [2][]{subsection.3.2.4}{\376\377\006\047\006\063\006\052\006\061\006\047\006\052\006\112\006\054\006\112\006\051\000\040\006\052\006\055\006\063\006\112\006\106\000\040\006\052\006\054\006\061\006\050\006\051\000\040\006\047\006\104\006\071\006\105\006\112\006\104}{section.3.2}% 55
\BOOKMARK [2][]{subsection.3.2.5}{\376\377\006\047\006\063\006\052\006\061\006\047\006\052\006\112\006\054\006\112\006\051\000\040\006\047\006\104\006\064\006\061\006\047\006\103\006\047\006\052\000\040\006\110\006\047\006\104\006\052\006\055\006\047\006\104\006\101\006\047\006\052}{section.3.2}% 56
\BOOKMARK [2][]{subsection.3.2.6}{\376\377\006\047\006\063\006\052\006\061\006\047\006\052\006\112\006\054\006\112\006\051\000\040\006\052\006\067\006\110\006\112\006\061\000\040\006\047\006\104\006\105\006\110\006\047\006\061\006\057\000\040\006\047\006\104\006\050\006\064\006\061\006\112\006\051}{section.3.2}% 57
\BOOKMARK [2][]{subsection.3.2.7}{\376\377\006\047\006\063\006\052\006\061\006\047\006\052\006\112\006\054\006\112\006\051\000\040\006\047\006\104\006\052\006\106\006\110\006\112\006\071\000\040\006\110\006\052\006\110\006\063\006\112\006\071\000\040\006\105\006\065\006\047\006\057\006\061\000\040\006\047\006\104\006\057\006\056\006\104}{section.3.2}% 58
\BOOKMARK [2][]{subsection.3.2.8}{\376\377\006\106\006\105\006\047\006\060\006\054\000\040\006\106\006\047\006\054\006\055\006\051\000\040\006\101\006\112\000\040\006\047\006\104\006\052\006\103\006\112\006\101}{section.3.2}% 59
\BOOKMARK [2][]{subsection.3.2.9}{\376\377\006\045\006\067\006\047\006\061\000\040\006\071\006\105\006\104\000\040\006\105\006\102\006\052\006\061\006\055\000\040\006\104\006\104\006\052\006\055\006\110\006\104\000\040\006\047\006\104\006\047\006\063\006\052\006\061\006\047\006\052\006\112\006\054\006\112}{section.3.2}% 60
\BOOKMARK [2][]{subsection.3.2.10}{\376\377\006\102\006\112\006\047\006\063\000\040\006\047\006\104\006\043\006\057\006\047\006\041\000\040\006\110\006\105\006\044\006\064\006\061\006\047\006\052\000\040\006\047\006\104\006\106\006\054\006\047\006\055}{section.3.2}% 61
\BOOKMARK [2][]{subsection.3.2.11}{\376\377\006\057\006\110\006\061\000\040\006\047\006\104\006\057\006\110\006\104\006\051\000\040\006\110\006\047\006\104\006\105\006\044\006\063\006\063\006\047\006\052\000\040\006\101\006\112\000\040\006\057\006\071\006\105\000\040\006\047\006\104\006\052\006\055\006\110\006\104}{section.3.2}% 62
\BOOKMARK [2][]{subsection.3.2.12}{\376\377\006\047\006\104\006\063\006\112\006\047\006\055\006\051\000\040\006\047\006\104\006\105\006\063\006\052\006\057\006\047\006\105\006\051\000\040\006\103\006\101\006\061\006\065\006\051\000\040\006\047\006\063\006\052\006\061\006\047\006\052\006\112\006\054\006\112\006\051}{section.3.2}% 63
\BOOKMARK [0][]{chapter*.135}{\376\377\006\047\006\104\006\056\006\047\006\052\006\105\006\051\000\040\006\047\006\104\006\071\006\047\006\105\006\051}{}% 64
\BOOKMARK [1][]{section*.136}{\376\377\006\105\006\104\006\056\006\065\000\040\006\106\006\052\006\047\006\046\006\054\000\040\006\047\006\104\006\057\006\061\006\047\006\063\006\051}{chapter*.135}% 65
\BOOKMARK [1][]{Item.79}{\376\377\006\105\006\106\006\047\006\102\006\064\006\051\000\040\006\047\006\104\006\101\006\061\006\066\006\112\006\047\006\052}{chapter*.135}% 66
\BOOKMARK [1][]{Item.79}{\376\377\006\047\006\104\006\052\006\110\006\065\006\112\006\047\006\052}{chapter*.135}% 67
\BOOKMARK [1][]{Item.88}{\376\377\006\042\006\101\006\047\006\102\000\040\006\047\006\104\006\057\006\061\006\047\006\063\006\051}{chapter*.135}% 68
\BOOKMARK [0][]{Item.88}{\376\377\006\102\006\047\006\046\006\105\006\051\000\040\006\047\006\104\006\105\006\061\006\047\006\054\006\071}{}% 69
