mktextfm Amiri
mktextfm Amiri
mktextfm Amiri
mktextfm Amiri/BI
mktextfm Amiri
mktextfm Amiri/B
mktextfm Amiri
mktextfm Amiri/I
mktextfm Amiri
mktextfm Amiri
mktextfm Amiri
mktextfm Amiri/OT
mktextfm Amiri/OT
mktextfm Amiri/OT
mktextfm Amiri/BI/OT
mktextfm Amiri/OT
mktextfm Amiri/B/OT
mktextfm Amiri/OT
mktextfm Amiri/I/OT
mktextfm Amiri/OT
mktextfm Amiri/OT
mktextfm Amiri/OT
mktextfm Amiri/OT
mktextfm Amiri
mktextfm Amiri
mktextfm Amiri
mktextfm Amiri/BI
mktextfm Amiri
mktextfm Amiri/B
mktextfm Amiri
mktextfm Amiri/I
mktextfm Amiri
mktextfm Amiri
mktextfm Amiri
mktextfm Amiri/OT
mktextfm Amiri/OT
mktextfm Amiri/OT
mktextfm Amiri/BI/OT
mktextfm Amiri/OT
mktextfm Amiri/B/OT
mktextfm Amiri/OT
mktextfm Amiri/I/OT
mktextfm Amiri/OT
mktextfm Amiri/OT
mktextfm Amiri/OT
mktextfm Amiri/OT
mktextfm Amiri
mktextfm Amiri
mktextfm Amiri
mktextfm Amiri/BI
mktextfm Amiri
mktextfm Amiri/B
mktextfm Amiri
mktextfm Amiri/I
mktextfm Amiri
mktextfm Amiri
mktextfm Amiri
mktextfm Amiri/OT
mktextfm Amiri/OT
mktextfm Amiri/OT
mktextfm Amiri/BI/OT
mktextfm Amiri/OT
mktextfm Amiri/B/OT
mktextfm Amiri/OT
mktextfm Amiri/I/OT
mktextfm Amiri/OT
mktextfm Amiri/OT
mktextfm Amiri/OT
mktextfm Amiri/OT
mktextfm Amiri/OT
mktextfm Amiri/OT
mktextfm Amiri/OT
mktextfm Amiri/OT
mktextfm Amiri/OT
mktextfm Amiri/OT
mktextfm Amiri/OT
mktextfm Amiri/OT
mktextfm Amiri/OT
mktextfm Amiri
mktextfm Amiri
mktextfm Amiri/OT
mktextfm Amiri/OT
mktextfm Amiri
mktextfm Amiri
mktextfm Amiri
mktextfm Amiri/BI
mktextfm Amiri
mktextfm Amiri/B
mktextfm Amiri
mktextfm Amiri/I
mktextfm Amiri
mktextfm Amiri
mktextfm Amiri
mktextfm Amiri/OT
mktextfm Amiri/OT
mktextfm Amiri/OT
mktextfm Amiri/BI/OT
mktextfm Amiri/OT
mktextfm Amiri/B/OT
mktextfm Amiri/OT
mktextfm Amiri/I/OT
mktextfm Amiri/OT
mktextfm Amiri/OT
mktextfm Amiri/OT
mktextfm Amiri/OT
mktextfm Amiri/OT
mktextfm Amiri/OT
mktextfm Amiri/OT
mktextfm Amiri/OT
mktextfm Amiri/OT
mktextfm Amiri/OT
mktextfm Amiri/OT
mktextfm Amiri/OT
mktextfm Amiri/OT
mktextfm Amiri
mktextfm Amiri
mktextfm Amiri/OT
mktextfm Amiri/OT
mktextfm Amiri/OT
mktextfm Amiri
mktextfm Amiri
mktextfm Amiri
mktextfm Amiri/BI
mktextfm Amiri
mktextfm Amiri/B
mktextfm Amiri
mktextfm Amiri/I
mktextfm Amiri
mktextfm Amiri
mktextfm Amiri
mktextfm Amiri/OT
mktextfm Amiri/OT
mktextfm Amiri/OT
mktextfm Amiri/BI/OT
mktextfm Amiri/OT
mktextfm Amiri/B/OT
mktextfm Amiri/OT
mktextfm Amiri/I/OT
mktextfm Amiri/OT
mktextfm Amiri/OT
mktextfm Amiri/OT
mktextfm Amiri/OT
mktextfm Amiri/OT
mktextfm Amiri/OT
mktextfm Amiri/OT
mktextfm Amiri/OT
mktextfm Amiri/OT
mktextfm Amiri/OT
mktextfm Amiri/OT
mktextfm Amiri/OT
mktextfm Amiri/OT
mktextfm Amiri
mktextfm Amiri
mktextfm Amiri/OT
mktextfm Amiri/OT
mktextfm Amiri/OT
mktextfm Amiri
mktextfm Amiri
mktextfm Amiri
mktextfm Amiri/BI
mktextfm Amiri
mktextfm Amiri/B
mktextfm Amiri
mktextfm Amiri/I
mktextfm Amiri
mktextfm Amiri
mktextfm Amiri
mktextfm Amiri/OT
mktextfm Amiri/OT
mktextfm Amiri/OT
mktextfm Amiri/BI/OT
mktextfm Amiri/OT
mktextfm Amiri/B/OT
mktextfm Amiri/OT
mktextfm Amiri/I/OT
mktextfm Amiri/OT
mktextfm Amiri/OT
mktextfm Amiri/OT
mktextfm Amiri/OT
mktextfm Amiri/OT
mktextfm Amiri/OT
mktextfm Amiri/OT
mktextfm Amiri/OT
mktextfm Amiri/OT
mktextfm Amiri/OT
mktextfm Amiri/OT
mktextfm Amiri/OT
mktextfm Amiri/OT
mktextfm Amiri
mktextfm Amiri
mktextfm Amiri/OT
mktextfm Amiri/OT
mktextfm Amiri/OT
mktextfm Amiri
mktextfm Amiri
mktextfm Amiri
mktextfm Amiri/BI
mktextfm Amiri
mktextfm Amiri/B
mktextfm Amiri
mktextfm Amiri/I
mktextfm Amiri
mktextfm Amiri
mktextfm Amiri
mktextfm Amiri/OT
mktextfm Amiri/OT
mktextfm Amiri/OT
mktextfm Amiri/BI/OT
mktextfm Amiri/OT
mktextfm Amiri/B/OT
mktextfm Amiri/OT
mktextfm Amiri/I/OT
mktextfm Amiri/OT
mktextfm Amiri/OT
mktextfm Amiri/OT
mktextfm Amiri/OT
mktextfm Amiri/OT
mktextfm Amiri/OT
mktextfm Amiri/OT
mktextfm Amiri/OT
mktextfm Amiri/OT
mktextfm Amiri/OT
mktextfm Amiri/OT
mktextfm Amiri/OT
mktextfm Amiri/OT
mktextfm Amiri
mktextfm Amiri
mktextfm Amiri/OT
mktextfm Amiri/OT
mktextfm Amiri/OT
mktextfm Amiri
mktextfm Amiri
mktextfm Amiri
mktextfm Amiri/BI
mktextfm Amiri
mktextfm Amiri/B
mktextfm Amiri
mktextfm Amiri/I
mktextfm Amiri
mktextfm Amiri
mktextfm Amiri
mktextfm Amiri/OT
mktextfm Amiri/OT
mktextfm Amiri/OT
mktextfm Amiri/BI/OT
mktextfm Amiri/OT
mktextfm Amiri/B/OT
mktextfm Amiri/OT
mktextfm Amiri/I/OT
mktextfm Amiri/OT
mktextfm Amiri/OT
mktextfm Amiri/OT
mktextfm Amiri/OT
mktextfm Amiri/OT
mktextfm Amiri/OT
mktextfm Amiri/OT
mktextfm Amiri/OT
mktextfm Amiri/OT
mktextfm Amiri/OT
mktextfm Amiri/OT
mktextfm Amiri/OT
mktextfm Amiri/OT
mktextfm Amiri
mktextfm Amiri
mktextfm Amiri/OT
mktextfm Amiri/OT
mktextfm Amiri/OT
